<?xml version="1.0" encoding="UTF-8"?>
<!-- Generated by org.testng.reporters.JUnitReportReporter -->
<testsuite hostname="LAPTOP-NE9T37VB" failures="0" tests="12" name="api.test.DataDrivenTest" time="9.690" errors="0" timestamp="2024-01-24T01:06:16 GMT" skipped="0">
  <testcase classname="api.test.DataDrivenTest" name="testPostUser" time="3.748"/>
  <system-out/>
  <testcase classname="api.test.DataDrivenTest" name="testPostUser" time="0.631"/>
  <system-out/>
  <testcase classname="api.test.DataDrivenTest" name="testPostUser" time="0.510"/>
  <system-out/>
  <testcase classname="api.test.DataDrivenTest" name="testPostUser" time="0.610"/>
  <system-out/>
  <testcase classname="api.test.DataDrivenTest" name="testGetUser" time="0.511"/>
  <system-out/>
  <testcase classname="api.test.DataDrivenTest" name="testGetUser" time="0.509"/>
  <system-out/>
  <testcase classname="api.test.DataDrivenTest" name="testGetUser" time="0.511"/>
  <system-out/>
  <testcase classname="api.test.DataDrivenTest" name="testGetUser" time="0.555"/>
  <system-out/>
  <testcase classname="api.test.DataDrivenTest" name="testDeleteUser" time="0.512"/>
  <system-out/>
  <testcase classname="api.test.DataDrivenTest" name="testDeleteUser" time="0.509"/>
  <system-out/>
  <testcase classname="api.test.DataDrivenTest" name="testDeleteUser" time="0.510"/>
  <system-out/>
  <testcase classname="api.test.DataDrivenTest" name="testDeleteUser" time="0.574"/>
  <system-out/>
</testsuite> <!-- api.test.DataDrivenTest -->
