<?xml version="1.0" encoding="UTF-8"?>
<!-- Generated by org.testng.reporters.JUnitReportReporter -->
<testsuite hostname="LAPTOP-NE9T37VB" failures="0" tests="12" name="api.test.DataDrivenTest" time="9.270" errors="0" timestamp="2024-01-24T19:22:29 GMT" skipped="0">
  <testcase classname="api.test.DataDrivenTest" name="testPostUser" time="0.428"/>
  <system-out/>
  <testcase classname="api.test.DataDrivenTest" name="testPostUser" time="0.447"/>
  <system-out/>
  <testcase classname="api.test.DataDrivenTest" name="testPostUser" time="0.439"/>
  <system-out/>
  <testcase classname="api.test.DataDrivenTest" name="testPostUser" time="4.564"/>
  <system-out/>
  <testcase classname="api.test.DataDrivenTest" name="testGetUser" time="0.425"/>
  <system-out/>
  <testcase classname="api.test.DataDrivenTest" name="testGetUser" time="0.425"/>
  <system-out/>
  <testcase classname="api.test.DataDrivenTest" name="testGetUser" time="0.458"/>
  <system-out/>
  <testcase classname="api.test.DataDrivenTest" name="testGetUser" time="0.417"/>
  <system-out/>
  <testcase classname="api.test.DataDrivenTest" name="testDeleteUser" time="0.416"/>
  <system-out/>
  <testcase classname="api.test.DataDrivenTest" name="testDeleteUser" time="0.414"/>
  <system-out/>
  <testcase classname="api.test.DataDrivenTest" name="testDeleteUser" time="0.412"/>
  <system-out/>
  <testcase classname="api.test.DataDrivenTest" name="testDeleteUser" time="0.425"/>
  <system-out/>
</testsuite> <!-- api.test.DataDrivenTest -->
