<?xml version="1.0" encoding="UTF-8"?>
<!-- Generated by org.testng.reporters.JUnitReportReporter -->
<testsuite hostname="LAPTOP-NE9T37VB" failures="0" tests="4" name="api.test.userTests" time="5.726" errors="0" timestamp="2024-01-24T20:05:07 GMT" skipped="0">
  <testcase classname="api.test.userTests" name="testCreateUser" time="4.283"/>
  <system-out/>
  <testcase classname="api.test.userTests" name="testUpdateUser" time="0.455"/>
  <system-out/>
  <testcase classname="api.test.userTests" name="testReadUsername" time="0.438"/>
  <system-out/>
  <testcase classname="api.test.userTests" name="testDeleteUser" time="0.550"/>
  <system-out/>
</testsuite> <!-- api.test.userTests -->
